<?xml version="1.0" encoding="UTF-8"?>
<!-- Generated by org.testng.reporters.JUnitXMLReporter -->
<testsuite ignored="0" hostname="DESKTOP-AO1PF9J" failures="1" tests="1" name="MywishlistTest" time="1.279" errors="0" timestamp="2021-01-15T13:44:42 MST">
  <testcase classname="com.dollardays.testcases.MywishlistupdateTestcase" name="MywishlistTc" time="0.0">
    <failure type="org.testng.TestNGException" message="
Cannot inject @Test annotated Method [MywishlistTc] with [class java.lang.String].
For more information on native dependency injection please refer to https://testng.org/doc/documentation-main.html#native-dependency-injection">
      <![CDATA[org.testng.TestNGException: 
Cannot inject @Test annotated Method [MywishlistTc] with [class java.lang.String].
For more information on native dependency injection please refer to https://testng.org/doc/documentation-main.html#native-dependency-injection
at java.base/java.util.ArrayList.forEach(ArrayList.java:1540)
... Removed 26 stack frames]]>
    </failure>
  </testcase> <!-- MywishlistTc -->
</testsuite> <!-- MywishlistTest -->
